#! /usr/bin/vvp
:ivl_version "10.1 (stable)";
:ivl_delay_selection "TYPICAL";
:vpi_time_precision + 0;
:vpi_module "system";
:vpi_module "vhdl_sys";
:vpi_module "v2005_math";
:vpi_module "va_math";
S_0x7fffd29c0300 .scope module, "Data_memory" "Data_memory" 2 1;
 .timescale 0 0;
    .port_info 0 /INPUT 32 "address"
    .port_info 1 /INPUT 32 "write_data"
    .port_info 2 /INPUT 2 "Memwrite"
    .port_info 3 /INPUT 2 "Memread"
    .port_info 4 /OUTPUT 32 "read_data"
o0x7f2cc2850018 .functor BUFZ 2, C4<zz>; HiZ drive
v0x7fffd29c0530_0 .net "Memread", 1 0, o0x7f2cc2850018;  0 drivers
o0x7f2cc2850048 .functor BUFZ 2, C4<zz>; HiZ drive
v0x7fffd29e0630_0 .net "Memwrite", 1 0, o0x7f2cc2850048;  0 drivers
o0x7f2cc2850078 .functor BUFZ 32, C4<zzzzzzzzzzzzzzzzzzzzzzzzzzzzzzzz>; HiZ drive
v0x7fffd29e0710_0 .net "address", 31 0, o0x7f2cc2850078;  0 drivers
v0x7fffd29e0800 .array "memoria", 255 0, 7 0;
v0x7fffd29e08c0_0 .var "read_data", 31 0;
o0x7f2cc28500d8 .functor BUFZ 32, C4<zzzzzzzzzzzzzzzzzzzzzzzzzzzzzzzz>; HiZ drive
v0x7fffd29e09a0_0 .net "write_data", 31 0, o0x7f2cc28500d8;  0 drivers
E_0x7fffd29b4a70 .event edge, v0x7fffd29c0530_0, v0x7fffd29e0630_0, v0x7fffd29e09a0_0, v0x7fffd29e0710_0;
    .scope S_0x7fffd29c0300;
T_0 ;
    %vpi_call 2 10 "$readmemb", "memoria.txt", v0x7fffd29e0800 {0 0 0};
    %end;
    .thread T_0;
    .scope S_0x7fffd29c0300;
T_1 ;
    %wait E_0x7fffd29b4a70;
    %load/vec4 v0x7fffd29c0530_0;
    %pushi/vec4 1, 0, 2;
    %cmp/e;
    %flag_get/vec4 4;
    %load/vec4 v0x7fffd29e0630_0;
    %pushi/vec4 0, 0, 2;
    %cmp/e;
    %flag_get/vec4 4;
    %and;
    %flag_set/vec4 8;
    %jmp/0xz  T_1.0, 8;
    %jmp T_1.1;
T_1.0 ;
    %load/vec4 v0x7fffd29c0530_0;
    %pushi/vec4 2, 0, 2;
    %cmp/e;
    %flag_get/vec4 4;
    %load/vec4 v0x7fffd29e0630_0;
    %pushi/vec4 0, 0, 2;
    %cmp/e;
    %flag_get/vec4 4;
    %and;
    %flag_set/vec4 8;
    %jmp/0xz  T_1.2, 8;
    %ix/getv 4, v0x7fffd29e0710_0;
    %load/vec4a v0x7fffd29e0800, 4;
    %load/vec4 v0x7fffd29e0710_0;
    %pad/u 33;
    %addi 1, 0, 33;
    %ix/vec4 4;
    %load/vec4a v0x7fffd29e0800, 4;
    %concat/vec4; draw_concat_vec4
    %load/vec4 v0x7fffd29e0710_0;
    %pad/u 33;
    %addi 2, 0, 33;
    %ix/vec4 4;
    %load/vec4a v0x7fffd29e0800, 4;
    %concat/vec4; draw_concat_vec4
    %load/vec4 v0x7fffd29e0710_0;
    %pad/u 33;
    %addi 3, 0, 33;
    %ix/vec4 4;
    %load/vec4a v0x7fffd29e0800, 4;
    %concat/vec4; draw_concat_vec4
    %store/vec4 v0x7fffd29e08c0_0, 0, 32;
    %jmp T_1.3;
T_1.2 ;
    %load/vec4 v0x7fffd29c0530_0;
    %pushi/vec4 3, 0, 2;
    %cmp/e;
    %flag_get/vec4 4;
    %load/vec4 v0x7fffd29e0630_0;
    %pushi/vec4 0, 0, 2;
    %cmp/e;
    %flag_get/vec4 4;
    %and;
    %flag_set/vec4 8;
    %jmp/0xz  T_1.4, 8;
    %load/vec4 v0x7fffd29e0710_0;
    %parti/s 1, 7, 4;
    %replicate 24;
    %ix/getv 4, v0x7fffd29e0710_0;
    %load/vec4a v0x7fffd29e0800, 4;
    %concat/vec4; draw_concat_vec4
    %store/vec4 v0x7fffd29e08c0_0, 0, 32;
    %jmp T_1.5;
T_1.4 ;
    %load/vec4 v0x7fffd29c0530_0;
    %pushi/vec4 0, 0, 2;
    %cmp/e;
    %flag_get/vec4 4;
    %load/vec4 v0x7fffd29e0630_0;
    %pushi/vec4 1, 0, 2;
    %cmp/e;
    %flag_get/vec4 4;
    %and;
    %flag_set/vec4 8;
    %jmp/0xz  T_1.6, 8;
    %load/vec4 v0x7fffd29e09a0_0;
    %parti/s 1, 31, 6;
    %replicate 8;
    %ix/getv 4, v0x7fffd29e0710_0;
    %store/vec4a v0x7fffd29e0800, 4, 0;
    %load/vec4 v0x7fffd29e09a0_0;
    %parti/s 1, 31, 6;
    %replicate 8;
    %ix/getv 4, v0x7fffd29e0710_0;
    %store/vec4a v0x7fffd29e0800, 4, 0;
    %load/vec4 v0x7fffd29e09a0_0;
    %parti/s 1, 31, 6;
    %replicate 8;
    %load/vec4 v0x7fffd29e0710_0;
    %pad/u 33;
    %addi 2, 0, 33;
    %ix/vec4 4;
    %store/vec4a v0x7fffd29e0800, 4, 0;
    %load/vec4 v0x7fffd29e09a0_0;
    %parti/s 8, 24, 6;
    %load/vec4 v0x7fffd29e0710_0;
    %pad/u 33;
    %addi 3, 0, 33;
    %ix/vec4 4;
    %store/vec4a v0x7fffd29e0800, 4, 0;
    %jmp T_1.7;
T_1.6 ;
    %load/vec4 v0x7fffd29c0530_0;
    %pushi/vec4 0, 0, 2;
    %cmp/e;
    %flag_get/vec4 4;
    %load/vec4 v0x7fffd29e0630_0;
    %pushi/vec4 2, 0, 2;
    %cmp/e;
    %flag_get/vec4 4;
    %and;
    %flag_set/vec4 8;
    %jmp/0xz  T_1.8, 8;
    %jmp T_1.9;
T_1.8 ;
    %load/vec4 v0x7fffd29c0530_0;
    %pushi/vec4 0, 0, 2;
    %cmp/e;
    %flag_get/vec4 4;
    %load/vec4 v0x7fffd29e0630_0;
    %pushi/vec4 3, 0, 2;
    %cmp/e;
    %flag_get/vec4 4;
    %and;
    %flag_set/vec4 8;
    %jmp/0xz  T_1.10, 8;
    %load/vec4 v0x7fffd29e09a0_0;
    %parti/s 8, 24, 6;
    %ix/getv 4, v0x7fffd29e0710_0;
    %store/vec4a v0x7fffd29e0800, 4, 0;
    %load/vec4 v0x7fffd29e09a0_0;
    %parti/s 8, 16, 6;
    %load/vec4 v0x7fffd29e0710_0;
    %pad/u 33;
    %addi 1, 0, 33;
    %ix/vec4 4;
    %store/vec4a v0x7fffd29e0800, 4, 0;
    %load/vec4 v0x7fffd29e09a0_0;
    %parti/s 8, 8, 5;
    %load/vec4 v0x7fffd29e0710_0;
    %pad/u 33;
    %addi 2, 0, 33;
    %ix/vec4 4;
    %store/vec4a v0x7fffd29e0800, 4, 0;
    %load/vec4 v0x7fffd29e09a0_0;
    %parti/s 8, 0, 2;
    %load/vec4 v0x7fffd29e0710_0;
    %pad/u 33;
    %addi 3, 0, 33;
    %ix/vec4 4;
    %store/vec4a v0x7fffd29e0800, 4, 0;
T_1.10 ;
T_1.9 ;
T_1.7 ;
T_1.5 ;
T_1.3 ;
T_1.1 ;
    %jmp T_1;
    .thread T_1, $push;
# The file index is used to find the file name in the following table.
:file_names 3;
    "N/A";
    "<interactive>";
    "Data_memory.v";
